<?xml version="1.0" encoding="UTF-8"?>
<testng-results skipped="0" failed="0" ignored="0" total="1" passed="1">
  <reporter-output>
  </reporter-output>
  <suite name="Default suite" duration-ms="19955" started-at="2018-08-31T15:22:43Z" finished-at="2018-08-31T15:23:03Z">
    <groups>
    </groups>
    <test name="Default test" duration-ms="19955" started-at="2018-08-31T15:22:43Z" finished-at="2018-08-31T15:23:03Z">
      <class name="com.crazy.webdriver.Testcase.Zhuce163mail">
        <test-method status="PASS" signature="beforeClass()[pri:0, instance:com.crazy.webdriver.Testcase.Zhuce163mail@50caa560]" name="beforeClass" is-config="true" duration-ms="4589" started-at="2018-08-31T23:22:43Z" finished-at="2018-08-31T23:22:48Z">
          <reporter-output>
          </reporter-output>
        </test-method> <!-- beforeClass -->
        <test-method status="PASS" signature="zhuce163()[pri:0, instance:com.crazy.webdriver.Testcase.Zhuce163mail@50caa560]" name="zhuce163" duration-ms="14489" started-at="2018-08-31T23:22:48Z" finished-at="2018-08-31T23:23:02Z">
          <reporter-output>
          </reporter-output>
        </test-method> <!-- zhuce163 -->
        <test-method status="PASS" signature="afterClass()[pri:0, instance:com.crazy.webdriver.Testcase.Zhuce163mail@50caa560]" name="afterClass" is-config="true" duration-ms="838" started-at="2018-08-31T23:23:02Z" finished-at="2018-08-31T23:23:03Z">
          <reporter-output>
          </reporter-output>
        </test-method> <!-- afterClass -->
      </class> <!-- com.crazy.webdriver.Testcase.Zhuce163mail -->
    </test> <!-- Default test -->
  </suite> <!-- Default suite -->
</testng-results>
