<?xml version="1.0" encoding="UTF-8"?>
<testng-results skipped="0" failed="0" ignored="0" total="1" passed="1">
  <reporter-output>
  </reporter-output>
  <suite name="Default suite" duration-ms="33048" started-at="2018-09-05T13:39:09Z" finished-at="2018-09-05T13:39:42Z">
    <groups>
    </groups>
    <test name="Default test" duration-ms="33048" started-at="2018-09-05T13:39:09Z" finished-at="2018-09-05T13:39:42Z">
      <class name="com.crazy.webdriver.Testcase.TestScollToDown">
        <test-method status="PASS" signature="beforeClass()[pri:0, instance:com.crazy.webdriver.Testcase.TestScollToDown@3d3fcdb0]" name="beforeClass" is-config="true" duration-ms="4081" started-at="2018-09-05T21:39:09Z" finished-at="2018-09-05T21:39:13Z">
          <reporter-output>
          </reporter-output>
        </test-method> <!-- beforeClass -->
        <test-method status="PASS" signature="test()[pri:0, instance:com.crazy.webdriver.Testcase.TestScollToDown@3d3fcdb0]" name="test" duration-ms="28106" started-at="2018-09-05T21:39:13Z" finished-at="2018-09-05T21:39:41Z">
          <reporter-output>
          </reporter-output>
        </test-method> <!-- test -->
        <test-method status="PASS" signature="afterClass()[pri:0, instance:com.crazy.webdriver.Testcase.TestScollToDown@3d3fcdb0]" name="afterClass" is-config="true" duration-ms="812" started-at="2018-09-05T21:39:41Z" finished-at="2018-09-05T21:39:42Z">
          <reporter-output>
          </reporter-output>
        </test-method> <!-- afterClass -->
      </class> <!-- com.crazy.webdriver.Testcase.TestScollToDown -->
    </test> <!-- Default test -->
  </suite> <!-- Default suite -->
</testng-results>
